<?xml version="1.0" encoding="UTF-8"?>
<!-- Generated by org.testng.reporters.JUnitReportReporter -->
<testsuite hostname="nitin" failures="0" tests="1" name="scripts.Testcase1" time="10.377" errors="0" timestamp="2022-09-11T14:33:30 IST" skipped="0">
  <testcase classname="scripts.Testcase1" name="tc1" time="10.377"/>
  <system-out/>
</testsuite> <!-- scripts.Testcase1 -->
