<?xml version="1.0" encoding="UTF-8"?>
<!-- Generated by org.testng.reporters.JUnitReportReporter -->
<testsuite hostname="nitin" failures="0" tests="1" name="scripts.Testcase3" time="32.438" errors="0" timestamp="2022-09-11T15:01:14 IST" skipped="0">
  <testcase classname="scripts.Testcase3" name="tc3" time="32.438"/>
  <system-out/>
</testsuite> <!-- scripts.Testcase3 -->
