<?xml version="1.0" encoding="UTF-8"?>
<!-- Generated by org.testng.reporters.JUnitReportReporter -->
<testsuite hostname="nitin" failures="0" tests="1" name="scripts.Testcase2" time="13.707" errors="0" timestamp="2022-09-11T14:33:30 IST" skipped="0">
  <testcase classname="scripts.Testcase2" name="tc2" time="13.707"/>
  <system-out/>
</testsuite> <!-- scripts.Testcase2 -->
